[2020-04-25T22:08:33.925] [DEBUG] cheese - login => username:root,password:123456
[2020-04-25T22:08:33.969] [DEBUG] cheese - root
[2020-04-25T22:08:34.315] [DEBUG] cheese - null
[2020-04-25T22:08:34.347] [DEBUG] cheese - null
[2020-04-25T22:09:17.583] [DEBUG] cheese - login => username:admin,password:123456
[2020-04-25T22:09:17.584] [DEBUG] cheese - admin
[2020-04-25T22:09:17.634] [DEBUG] cheese - null
[2020-04-25T22:09:17.634] [DEBUG] cheese - null
[2020-04-26T14:00:19.861] [DEBUG] cheese - login => username:admin,password:123456
[2020-04-26T14:00:19.929] [DEBUG] cheese - admin
[2020-04-26T14:00:19.957] [DEBUG] cheese - null
[2020-04-26T14:00:19.959] [DEBUG] cheese - null
[2020-04-29T14:45:12.356] [DEBUG] cheese - login => username:admin,password:123456
[2020-04-29T14:45:12.408] [DEBUG] cheese - admin
[2020-04-29T14:45:14.580] [DEBUG] cheese - null
[2020-04-29T14:45:14.581] [DEBUG] cheese - null
[2020-04-29T14:48:21.150] [DEBUG] cheese - login => username:admin,password:123456
[2020-04-29T14:48:21.150] [DEBUG] cheese - admin
[2020-04-29T14:48:21.159] [DEBUG] cheese - null
[2020-04-29T14:48:21.160] [DEBUG] cheese - null
[2020-04-29T14:49:59.972] [DEBUG] cheese - login => username:admin,password:123456
[2020-04-29T14:49:59.972] [DEBUG] cheese - admin
[2020-04-29T14:49:59.979] [DEBUG] cheese - null
[2020-04-29T14:49:59.980] [DEBUG] cheese - null
[2020-04-29T14:51:51.907] [DEBUG] cheese - login => username:admin,password:123456
[2020-04-29T14:51:51.907] [DEBUG] cheese - admin
[2020-04-29T14:51:51.918] [DEBUG] cheese - null
[2020-04-29T14:51:51.918] [DEBUG] cheese - null
[2020-04-29T14:59:46.713] [DEBUG] cheese - login => username:admin,password:123456
[2020-04-29T14:59:46.714] [DEBUG] cheese - admin
[2020-04-29T14:59:46.725] [DEBUG] cheese - null
[2020-04-29T14:59:46.726] [DEBUG] cheese - null
[2020-04-29T14:59:52.642] [DEBUG] cheese - login => username:admin1,password:123456
[2020-04-29T14:59:52.642] [DEBUG] cheese - admin1
[2020-04-29T14:59:52.659] [DEBUG] cheese - null
[2020-04-29T14:59:52.659] [DEBUG] cheese - null
[2020-04-29T14:59:55.467] [DEBUG] cheese - login => username:admin1,password:12345611111
[2020-04-29T14:59:55.467] [DEBUG] cheese - admin1
[2020-04-29T14:59:55.477] [DEBUG] cheese - null
[2020-04-29T14:59:55.477] [DEBUG] cheese - null
[2020-04-29T14:59:56.349] [DEBUG] cheese - login => username:admin1,password:12345611111
[2020-04-29T14:59:56.349] [DEBUG] cheese - admin1
[2020-04-29T14:59:56.375] [DEBUG] cheese - null
[2020-04-29T14:59:56.376] [DEBUG] cheese - null
[2020-04-29T15:00:02.752] [DEBUG] cheese - login => username:admin111,password:1234561111
[2020-04-29T15:00:02.753] [DEBUG] cheese - admin111
[2020-04-29T15:00:02.767] [DEBUG] cheese - null
[2020-04-29T15:00:02.768] [DEBUG] cheese - null
[2020-04-29T15:00:20.695] [DEBUG] cheese - login => username:张三啊,password:221234
[2020-04-29T15:00:20.695] [DEBUG] cheese - 张三啊
[2020-04-29T15:00:20.736] [DEBUG] cheese - null
[2020-04-29T15:00:20.736] [DEBUG] cheese - null
[2020-04-29T15:02:17.753] [DEBUG] cheese - login => username:124,password:234324454
[2020-04-29T15:02:17.753] [DEBUG] cheese - 124
[2020-04-29T15:02:17.767] [DEBUG] cheese - null
[2020-04-29T15:02:17.768] [DEBUG] cheese - null
[2020-04-29T15:02:48.181] [DEBUG] cheese - login => username:123,password:12323454
[2020-04-29T15:02:48.181] [DEBUG] cheese - 123
[2020-04-29T15:02:48.188] [DEBUG] cheese - null
[2020-04-29T15:02:48.188] [DEBUG] cheese - null
[2020-04-29T15:03:12.673] [DEBUG] cheese - login => username:1232,password:43243535
[2020-04-29T15:03:12.673] [DEBUG] cheese - 1232
[2020-04-29T15:03:12.683] [DEBUG] cheese - null
[2020-04-29T15:03:12.683] [DEBUG] cheese - null
[2020-04-29T15:04:45.357] [DEBUG] cheese - login => username:1232,password:4353453656
[2020-04-29T15:04:45.358] [DEBUG] cheese - 1232
[2020-04-29T15:04:45.369] [DEBUG] cheese - null
[2020-04-29T15:04:45.369] [DEBUG] cheese - null
[2020-04-29T15:05:02.009] [DEBUG] cheese - login => username:尔特让他,password:rteteyty
[2020-04-29T15:05:02.010] [DEBUG] cheese - 尔特让他
[2020-04-29T15:05:02.056] [DEBUG] cheese - null
[2020-04-29T15:05:02.056] [DEBUG] cheese - null
[2020-04-29T15:07:14.578] [DEBUG] cheese - login => username:1245,password:12543546
[2020-04-29T15:07:14.579] [DEBUG] cheese - 1245
[2020-04-29T15:07:14.585] [DEBUG] cheese - null
[2020-04-29T15:07:14.585] [DEBUG] cheese - null
[2020-04-29T15:07:24.373] [DEBUG] cheese - login => username:admin,password:123456
[2020-04-29T15:07:24.373] [DEBUG] cheese - admin
[2020-04-29T15:07:24.390] [DEBUG] cheese - null
[2020-04-29T15:07:24.390] [DEBUG] cheese - null
[2020-04-29T18:52:18.437] [DEBUG] cheese - login => username:admin,password:123456
[2020-04-29T18:52:18.437] [DEBUG] cheese - admin
[2020-04-29T18:52:18.462] [DEBUG] cheese - null
[2020-04-29T18:52:18.463] [DEBUG] cheese - null
[2020-04-29T18:55:07.097] [DEBUG] cheese - login => username:admin,password:123456
[2020-04-29T18:55:07.097] [DEBUG] cheese - admin
[2020-04-29T18:55:07.127] [DEBUG] cheese - null
[2020-04-29T18:55:07.127] [DEBUG] cheese - null
[2020-04-29T19:14:01.762] [DEBUG] cheese - login => username:admin,password:123456
[2020-04-29T19:14:01.763] [DEBUG] cheese - admin
[2020-04-29T19:14:01.778] [DEBUG] cheese - null
[2020-04-29T19:14:01.779] [DEBUG] cheese - null
[2020-04-29T19:18:01.420] [DEBUG] cheese - login => username:admin,password:123456
[2020-04-29T19:18:01.421] [DEBUG] cheese - admin
[2020-04-29T19:18:01.461] [DEBUG] cheese - null
[2020-04-29T19:18:01.462] [DEBUG] cheese - null
[2020-04-30T17:52:35.377] [DEBUG] cheese - login => username:admin,password:123456
[2020-04-30T17:52:35.377] [DEBUG] cheese - admin
[2020-04-30T17:52:35.913] [DEBUG] cheese - null
[2020-04-30T17:52:35.913] [DEBUG] cheese - null
[2020-04-30T18:53:14.907] [DEBUG] cheese - login => username:admin,password:123456
[2020-04-30T18:53:14.908] [DEBUG] cheese - admin
[2020-04-30T18:53:14.925] [DEBUG] cheese - null
[2020-04-30T18:53:14.925] [DEBUG] cheese - null
[2020-04-30T19:57:04.599] [DEBUG] cheese - login => username:admin,password:123456
[2020-04-30T19:57:04.600] [DEBUG] cheese - admin
[2020-04-30T19:57:04.621] [DEBUG] cheese - null
[2020-04-30T19:57:04.621] [DEBUG] cheese - null
[2020-05-04T10:32:06.580] [DEBUG] cheese - login => username:admin,password:123456
[2020-05-04T10:32:06.581] [DEBUG] cheese - admin
[2020-05-04T10:32:07.357] [DEBUG] cheese - null
[2020-05-04T10:32:07.358] [DEBUG] cheese - null
[2020-05-04T10:33:23.235] [DEBUG] cheese - login => username:admin,password:123456
[2020-05-04T10:33:23.235] [DEBUG] cheese - admin
[2020-05-04T10:33:23.301] [DEBUG] cheese - null
[2020-05-04T10:33:23.301] [DEBUG] cheese - null
[2020-05-04T10:59:38.070] [DEBUG] cheese - login => username:admin,password:123456
[2020-05-04T10:59:38.071] [DEBUG] cheese - admin
[2020-05-04T10:59:38.079] [DEBUG] cheese - null
[2020-05-04T10:59:38.079] [DEBUG] cheese - null
[2020-05-04T11:00:17.193] [DEBUG] cheese - login => username:admin,password:123456
[2020-05-04T11:00:17.193] [DEBUG] cheese - admin
[2020-05-04T11:00:17.203] [DEBUG] cheese - null
[2020-05-04T11:00:17.203] [DEBUG] cheese - null
[2020-05-04T12:53:13.138] [DEBUG] cheese - login => username:admin,password:123456
[2020-05-04T12:53:13.139] [DEBUG] cheese - admin
[2020-05-04T12:53:13.144] [DEBUG] cheese - null
[2020-05-04T12:53:13.145] [DEBUG] cheese - null
[2020-05-06T13:28:01.737] [DEBUG] cheese - login => username:admin,password:123456
[2020-05-06T13:28:01.737] [DEBUG] cheese - admin
[2020-05-06T13:28:04.789] [DEBUG] cheese - null
[2020-05-06T13:28:04.817] [DEBUG] cheese - null
[2020-05-06T13:34:53.662] [DEBUG] cheese - login => username:admin,password:123456
[2020-05-06T13:34:53.663] [DEBUG] cheese - admin
[2020-05-06T13:34:53.668] [DEBUG] cheese - null
[2020-05-06T13:34:53.668] [DEBUG] cheese - null
[2020-05-06T13:37:29.260] [DEBUG] cheese - login => username:admin,password:123456
[2020-05-06T13:37:29.260] [DEBUG] cheese - admin
[2020-05-06T13:37:29.299] [DEBUG] cheese - null
[2020-05-06T13:37:29.299] [DEBUG] cheese - null
[2020-05-06T14:33:24.619] [DEBUG] cheese - login => username:admin,password:123456
[2020-05-06T14:33:24.623] [DEBUG] cheese - admin
[2020-05-06T14:33:24.752] [DEBUG] cheese - null
[2020-05-06T14:33:24.754] [DEBUG] cheese - null
[2020-05-06T14:33:33.246] [DEBUG] cheese - login => username:admin,password:123456
[2020-05-06T14:33:33.246] [DEBUG] cheese - admin
[2020-05-06T14:33:33.255] [DEBUG] cheese - null
[2020-05-06T14:33:33.257] [DEBUG] cheese - null
[2020-05-07T06:59:11.564] [DEBUG] cheese - login => username:admin,password:123456
[2020-05-07T06:59:11.695] [DEBUG] cheese - admin
[2020-05-07T06:59:11.855] [DEBUG] cheese - null
[2020-05-07T06:59:11.856] [DEBUG] cheese - null
[2020-05-08T09:49:25.846] [DEBUG] cheese - login => username:admin,password:123456
[2020-05-08T09:49:26.068] [DEBUG] cheese - admin
[2020-05-08T09:49:27.912] [DEBUG] cheese - null
[2020-05-08T09:49:27.913] [DEBUG] cheese - null
[2020-05-08T09:49:28.728] [DEBUG] cheese - login => username:admin,password:123456
[2020-05-08T09:49:28.728] [DEBUG] cheese - admin
[2020-05-08T09:49:28.916] [DEBUG] cheese - null
[2020-05-08T09:49:28.916] [DEBUG] cheese - null
[2020-05-08T19:29:40.845] [DEBUG] cheese - login => username:admin,password:123456
[2020-05-08T19:29:42.315] [DEBUG] cheese - admin
[2020-05-08T19:29:45.041] [DEBUG] cheese - login => username:admin,password:123456
[2020-05-08T19:29:45.041] [DEBUG] cheese - admin
[2020-05-08T19:29:46.310] [DEBUG] cheese - null
[2020-05-08T19:29:46.353] [DEBUG] cheese - null
[2020-05-08T19:29:47.383] [DEBUG] cheese - null
[2020-05-08T19:29:47.384] [DEBUG] cheese - null
[2020-05-15T07:45:44.304] [DEBUG] cheese - login => username:admin,password:123456
[2020-05-15T07:45:44.480] [DEBUG] cheese - admin
[2020-05-15T07:45:44.890] [DEBUG] cheese - null
[2020-05-15T07:45:44.903] [DEBUG] cheese - null
[2020-05-29T11:05:28.037] [DEBUG] cheese - login => username:admin,password:123456
[2020-05-29T11:05:28.041] [DEBUG] cheese - admin
[2020-05-29T11:05:28.074] [DEBUG] cheese - null
[2020-05-29T11:05:28.076] [DEBUG] cheese - null
[2020-05-30T08:02:03.791] [DEBUG] cheese - login => username:admin,password:123456
[2020-05-30T08:02:03.849] [DEBUG] cheese - admin
[2020-05-30T08:02:04.185] [DEBUG] cheese - login => username:admin,password:123456
[2020-05-30T08:02:04.185] [DEBUG] cheese - admin
[2020-05-30T08:02:06.020] [DEBUG] cheese - null
[2020-05-30T08:02:06.021] [DEBUG] cheese - null
[2020-05-30T08:02:06.411] [DEBUG] cheese - null
[2020-05-30T08:02:06.411] [DEBUG] cheese - null
[2020-06-01T13:26:36.454] [DEBUG] cheese - login => username:admin,password:123456
[2020-06-01T13:26:36.654] [DEBUG] cheese - admin
[2020-06-01T13:26:37.088] [DEBUG] cheese - null
[2020-06-01T13:26:37.088] [DEBUG] cheese - null
[2020-06-02T08:59:02.410] [DEBUG] cheese - login => username:admin,password:123456
[2020-06-02T08:59:02.504] [DEBUG] cheese - admin
[2020-06-02T08:59:02.668] [DEBUG] cheese - null
[2020-06-02T08:59:02.669] [DEBUG] cheese - null
[2020-06-02T08:59:03.234] [DEBUG] cheese - login => username:admin,password:123456
[2020-06-02T08:59:03.235] [DEBUG] cheese - admin
[2020-06-02T08:59:03.240] [DEBUG] cheese - null
[2020-06-02T08:59:03.240] [DEBUG] cheese - null
[2020-06-02T09:38:47.245] [DEBUG] cheese - login => username:admin,password:123456
[2020-06-02T09:38:47.245] [DEBUG] cheese - admin
[2020-06-02T09:38:47.260] [DEBUG] cheese - null
[2020-06-02T09:38:47.260] [DEBUG] cheese - null
[2020-06-02T09:40:52.728] [DEBUG] cheese - login => username:admin,password:123456
[2020-06-02T09:40:52.729] [DEBUG] cheese - admin
[2020-06-02T09:40:52.734] [DEBUG] cheese - null
[2020-06-02T09:40:52.735] [DEBUG] cheese - null
[2020-06-02T10:07:21.549] [DEBUG] cheese - null
[2020-06-02T10:13:28.497] [DEBUG] cheese - login => username:admin,password:123456
[2020-06-02T10:13:28.501] [DEBUG] cheese - admin
[2020-06-02T10:13:28.529] [DEBUG] cheese - null
[2020-06-02T10:13:28.531] [DEBUG] cheese - null
[2020-06-02T10:13:36.893] [DEBUG] cheese - null
[2020-06-02T10:17:41.435] [DEBUG] cheese - null
[2020-06-02T10:24:16.788] [DEBUG] cheese - null
[2020-06-02T10:27:23.755] [DEBUG] cheese - null
[2020-06-02T10:28:10.626] [DEBUG] cheese - null
[2020-06-02T10:31:48.367] [DEBUG] cheese - null
[2020-06-02T10:35:49.682] [DEBUG] cheese - null
[2020-06-02T10:35:52.844] [DEBUG] cheese - null
[2020-06-02T11:52:37.919] [DEBUG] cheese - login => username:admin,password:123456
[2020-06-02T11:52:37.920] [DEBUG] cheese - admin
[2020-06-02T11:52:37.928] [DEBUG] cheese - null
[2020-06-02T11:52:37.928] [DEBUG] cheese - null
[2020-06-03T10:51:51.454] [DEBUG] cheese - login => username:admin,password:123456
[2020-06-03T10:51:51.638] [DEBUG] cheese - admin
[2020-06-03T10:51:51.680] [DEBUG] cheese - null
[2020-06-03T10:51:51.702] [DEBUG] cheese - null
[2020-06-04T13:25:07.422] [DEBUG] cheese - login => username:admin,password:123456
[2020-06-04T13:25:07.617] [DEBUG] cheese - admin
[2020-06-04T13:25:08.225] [DEBUG] cheese - null
[2020-06-04T13:25:08.227] [DEBUG] cheese - null
[2020-06-05T13:13:14.842] [DEBUG] cheese - login => username:admin,password:123456
[2020-06-05T13:13:14.963] [DEBUG] cheese - admin
[2020-06-05T13:13:15.199] [DEBUG] cheese - null
[2020-06-05T13:13:15.232] [DEBUG] cheese - null
[2020-06-05T13:22:06.056] [DEBUG] cheese - login => username:admin,password:123456
[2020-06-05T13:22:06.057] [DEBUG] cheese - admin
[2020-06-05T13:22:06.102] [DEBUG] cheese - null
[2020-06-05T13:22:06.102] [DEBUG] cheese - null
[2020-06-08T17:04:08.792] [DEBUG] cheese - login => username:admin,password:123456
[2020-06-08T17:04:08.821] [DEBUG] cheese - admin
[2020-06-08T17:04:09.307] [DEBUG] cheese - null
[2020-06-08T17:04:09.308] [DEBUG] cheese - null
[2020-06-08T17:12:31.166] [DEBUG] cheese - login => username:admin,password:123456
[2020-06-08T17:12:31.166] [DEBUG] cheese - admin
[2020-06-08T17:12:31.175] [DEBUG] cheese - null
[2020-06-08T17:12:31.175] [DEBUG] cheese - null
[2020-06-08T17:13:26.111] [DEBUG] cheese - login => username:admin,password:123456
[2020-06-08T17:13:26.111] [DEBUG] cheese - admin
[2020-06-08T17:13:26.119] [DEBUG] cheese - null
[2020-06-08T17:13:26.119] [DEBUG] cheese - null
[2020-06-08T17:13:39.588] [DEBUG] cheese - login => username:admin,password:123456
[2020-06-08T17:13:39.588] [DEBUG] cheese - admin
[2020-06-08T17:13:39.599] [DEBUG] cheese - null
[2020-06-08T17:13:39.600] [DEBUG] cheese - null
[2020-06-08T17:15:00.471] [DEBUG] cheese - login => username:admin,password:123456
[2020-06-08T17:15:00.472] [DEBUG] cheese - admin
[2020-06-08T17:15:00.480] [DEBUG] cheese - null
[2020-06-08T17:15:00.481] [DEBUG] cheese - null
[2020-06-08T17:15:17.316] [DEBUG] cheese - login => username:admin,password:123456
[2020-06-08T17:15:17.316] [DEBUG] cheese - admin
[2020-06-08T17:15:17.323] [DEBUG] cheese - null
[2020-06-08T17:15:17.324] [DEBUG] cheese - null
[2020-06-08T17:15:36.508] [DEBUG] cheese - login => username:admin,password:123456
[2020-06-08T17:15:36.509] [DEBUG] cheese - admin
[2020-06-08T17:15:36.517] [DEBUG] cheese - null
[2020-06-08T17:15:36.518] [DEBUG] cheese - null
[2020-06-08T17:15:46.810] [DEBUG] cheese - login => username:admin,password:123456
[2020-06-08T17:15:46.810] [DEBUG] cheese - admin
[2020-06-08T17:15:46.820] [DEBUG] cheese - null
[2020-06-08T17:15:46.820] [DEBUG] cheese - null
[2020-06-08T17:16:21.228] [DEBUG] cheese - login => username:admin,password:123456
[2020-06-08T17:16:21.228] [DEBUG] cheese - admin
[2020-06-08T17:16:21.239] [DEBUG] cheese - null
[2020-06-08T17:16:21.239] [DEBUG] cheese - null
[2020-06-08T17:34:24.867] [DEBUG] cheese - login => username:admin,password:123456
[2020-06-08T17:34:24.868] [DEBUG] cheese - admin
[2020-06-08T17:34:24.877] [DEBUG] cheese - null
[2020-06-08T17:34:24.877] [DEBUG] cheese - null
[2020-06-08T17:39:32.688] [DEBUG] cheese - login => username:admin,password:123456
[2020-06-08T17:39:32.688] [DEBUG] cheese - admin
[2020-06-08T17:39:32.699] [DEBUG] cheese - null
[2020-06-08T17:39:32.699] [DEBUG] cheese - null
[2020-06-08T17:42:34.879] [DEBUG] cheese - login => username:admin,password:123456
[2020-06-08T17:42:34.879] [DEBUG] cheese - admin
[2020-06-08T17:42:34.893] [DEBUG] cheese - null
[2020-06-08T17:42:34.893] [DEBUG] cheese - null
[2020-06-08T18:06:01.735] [DEBUG] cheese - login => username:admin,password:123456
[2020-06-08T18:06:01.736] [DEBUG] cheese - admin
[2020-06-08T18:06:01.760] [DEBUG] cheese - null
[2020-06-08T18:06:01.760] [DEBUG] cheese - null
[2020-06-08T18:06:07.424] [DEBUG] cheese - login => username:admin,password:123456
[2020-06-08T18:06:07.425] [DEBUG] cheese - admin
[2020-06-08T18:06:07.433] [DEBUG] cheese - null
[2020-06-08T18:06:07.433] [DEBUG] cheese - null
[2020-06-08T18:14:13.078] [DEBUG] cheese - login => username:admin,password:123456
[2020-06-08T18:14:13.078] [DEBUG] cheese - admin
[2020-06-08T18:14:13.109] [DEBUG] cheese - null
[2020-06-08T18:14:13.110] [DEBUG] cheese - null
[2020-06-08T18:28:27.742] [DEBUG] cheese - login => username:admin,password:123456
[2020-06-08T18:28:27.742] [DEBUG] cheese - admin
[2020-06-08T18:28:27.754] [DEBUG] cheese - null
[2020-06-08T18:28:27.755] [DEBUG] cheese - null
[2020-06-08T19:47:38.848] [DEBUG] cheese - login => username:admin,password:123456
[2020-06-08T19:47:38.848] [DEBUG] cheese - admin
[2020-06-08T19:47:38.883] [DEBUG] cheese - null
[2020-06-08T19:47:38.884] [DEBUG] cheese - null
[2020-06-08T20:27:07.709] [DEBUG] cheese - login => username:admin,password:123456
[2020-06-08T20:27:07.710] [DEBUG] cheese - admin
[2020-06-08T20:27:07.724] [DEBUG] cheese - null
[2020-06-08T20:27:07.724] [DEBUG] cheese - null
[2020-06-09T08:48:33.992] [DEBUG] cheese - login => username:admin,password:123456
[2020-06-09T08:48:33.996] [DEBUG] cheese - admin
[2020-06-09T08:48:34.026] [DEBUG] cheese - null
[2020-06-09T08:48:34.028] [DEBUG] cheese - null
[2020-06-09T08:57:29.477] [DEBUG] cheese - login => username:admin,password:123456
[2020-06-09T08:57:29.478] [DEBUG] cheese - admin
[2020-06-09T08:57:29.487] [DEBUG] cheese - null
[2020-06-09T08:57:29.487] [DEBUG] cheese - null
[2020-06-09T09:03:06.798] [DEBUG] cheese - login => username:admin,password:123456
[2020-06-09T09:03:06.799] [DEBUG] cheese - admin
[2020-06-09T09:03:06.805] [DEBUG] cheese - null
[2020-06-09T09:03:06.805] [DEBUG] cheese - null
[2020-06-09T10:18:42.724] [DEBUG] cheese - login => username:admin,password:123456
[2020-06-09T10:18:42.761] [DEBUG] cheese - admin
[2020-06-09T10:18:42.789] [DEBUG] cheese - null
[2020-06-09T10:18:42.791] [DEBUG] cheese - null
[2020-06-09T10:37:56.343] [DEBUG] cheese - login => username:admin,password:123456
[2020-06-09T10:37:56.343] [DEBUG] cheese - admin
[2020-06-09T10:37:56.362] [DEBUG] cheese - null
[2020-06-09T10:37:56.363] [DEBUG] cheese - null
[2020-06-09T16:05:15.350] [DEBUG] cheese - login => username:admin,password:123456
[2020-06-09T16:05:15.534] [DEBUG] cheese - admin
[2020-06-09T16:05:15.633] [DEBUG] cheese - null
[2020-06-09T16:05:15.675] [DEBUG] cheese - null
[2020-06-09T16:37:09.785] [DEBUG] cheese - login => username:admin,password:123456
[2020-06-09T16:37:09.827] [DEBUG] cheese - admin
[2020-06-09T16:37:09.845] [DEBUG] cheese - null
[2020-06-09T16:37:09.944] [DEBUG] cheese - null
[2020-06-10T13:17:40.956] [DEBUG] cheese - login => username:admin,password:123456
[2020-06-10T13:17:40.957] [DEBUG] cheese - admin
[2020-06-10T13:17:40.985] [DEBUG] cheese - null
[2020-06-10T13:17:40.985] [DEBUG] cheese - null
[2020-06-10T16:24:40.953] [DEBUG] cheese - null
[2020-06-10T16:30:08.833] [DEBUG] cheese - null
[2020-06-10T16:43:14.648] [DEBUG] cheese - login => username:admin,password:123456
[2020-06-10T16:43:14.648] [DEBUG] cheese - admin
[2020-06-10T16:43:14.654] [DEBUG] cheese - null
[2020-06-10T16:43:14.654] [DEBUG] cheese - null
[2020-06-10T17:51:47.917] [DEBUG] cheese - login => username:admin,password:123456
[2020-06-10T17:51:47.917] [DEBUG] cheese - admin
[2020-06-10T17:51:47.948] [DEBUG] cheese - null
[2020-06-10T17:51:47.948] [DEBUG] cheese - null
[2020-06-11T13:27:21.345] [DEBUG] cheese - login => username:admin,password:123456
[2020-06-11T13:27:21.348] [DEBUG] cheese - admin
[2020-06-11T13:27:21.379] [DEBUG] cheese - null
[2020-06-11T13:27:21.380] [DEBUG] cheese - null
[2020-06-11T13:32:33.145] [DEBUG] cheese - login => username:admin,password:123456
[2020-06-11T13:32:33.146] [DEBUG] cheese - admin
[2020-06-11T13:32:33.152] [DEBUG] cheese - null
[2020-06-11T13:32:33.153] [DEBUG] cheese - null
[2020-06-11T14:42:22.481] [DEBUG] cheese - login => username:admin,password:123456
[2020-06-11T14:42:22.486] [DEBUG] cheese - admin
[2020-06-11T14:42:22.516] [DEBUG] cheese - null
[2020-06-11T14:42:22.517] [DEBUG] cheese - null
[2020-06-12T13:51:45.280] [DEBUG] cheese - login => username:admin,password:123456
[2020-06-12T13:51:45.334] [DEBUG] cheese - admin
[2020-06-12T13:51:46.169] [DEBUG] cheese - null
[2020-06-12T13:51:46.170] [DEBUG] cheese - null
[2020-06-12T14:46:02.785] [DEBUG] cheese - login => username:admin,password:123456
[2020-06-12T14:46:02.789] [DEBUG] cheese - admin
[2020-06-12T14:46:02.823] [DEBUG] cheese - null
[2020-06-12T14:46:02.824] [DEBUG] cheese - null
[2020-06-13T11:31:29.381] [DEBUG] cheese - null
[2020-06-13T11:31:31.356] [DEBUG] cheese - null
[2020-06-13T11:31:32.455] [DEBUG] cheese - null
[2020-06-13T11:35:39.601] [DEBUG] cheese - null
[2020-06-13T11:36:38.567] [DEBUG] cheese - null
[2020-06-13T14:00:05.233] [DEBUG] cheese - login => username:admin,password:123456
[2020-06-13T14:00:05.238] [DEBUG] cheese - admin
[2020-06-13T14:00:05.320] [DEBUG] cheese - null
[2020-06-13T14:00:05.323] [DEBUG] cheese - null
[2020-06-13T17:50:48.008] [DEBUG] cheese - login => username:admin,password:123456
[2020-06-13T17:50:48.100] [DEBUG] cheese - admin
[2020-06-13T17:50:49.616] [DEBUG] cheese - null
[2020-06-13T17:50:49.631] [DEBUG] cheese - null
[2020-06-15T10:20:15.261] [DEBUG] cheese - login => username:admin,password:123456
[2020-06-15T10:20:15.266] [DEBUG] cheese - admin
[2020-06-15T10:20:15.296] [DEBUG] cheese - null
[2020-06-15T10:20:15.297] [DEBUG] cheese - null
[2020-06-15T11:01:59.080] [DEBUG] cheese - login => username:admin,password:123456
[2020-06-15T11:01:59.085] [DEBUG] cheese - admin
[2020-06-15T11:01:59.105] [DEBUG] cheese - null
[2020-06-15T11:01:59.106] [DEBUG] cheese - null
[2020-06-15T17:57:03.938] [DEBUG] cheese - login => username:admin,password:123456
[2020-06-15T17:57:04.105] [DEBUG] cheese - admin
[2020-06-15T17:57:04.865] [DEBUG] cheese - login => username:admin,password:123456
[2020-06-15T17:57:04.866] [DEBUG] cheese - admin
[2020-06-15T17:57:05.938] [DEBUG] cheese - login => username:admin,password:123456
[2020-06-15T17:57:05.939] [DEBUG] cheese - admin
[2020-06-15T17:57:06.853] [DEBUG] cheese - login => username:admin,password:123456
[2020-06-15T17:57:06.853] [DEBUG] cheese - admin
[2020-06-15T17:57:07.520] [DEBUG] cheese - null
[2020-06-15T17:57:07.552] [DEBUG] cheese - null
[2020-06-15T17:57:08.172] [DEBUG] cheese - null
[2020-06-15T17:57:08.173] [DEBUG] cheese - null
[2020-06-15T17:57:08.680] [DEBUG] cheese - login => username:admin,password:123456
[2020-06-15T17:57:08.680] [DEBUG] cheese - admin
[2020-06-15T17:57:08.965] [DEBUG] cheese - login => username:admin,password:123456
[2020-06-15T17:57:09.118] [DEBUG] cheese - admin
[2020-06-15T17:57:09.302] [DEBUG] cheese - login => username:admin,password:123456
[2020-06-15T17:57:09.302] [DEBUG] cheese - admin
[2020-06-15T17:57:09.443] [DEBUG] cheese - null
[2020-06-15T17:57:09.443] [DEBUG] cheese - null
[2020-06-15T17:57:09.916] [DEBUG] cheese - null
[2020-06-15T17:57:09.916] [DEBUG] cheese - null
[2020-06-15T17:57:10.273] [DEBUG] cheese - null
[2020-06-15T17:57:10.273] [DEBUG] cheese - null
[2020-06-15T17:57:10.606] [DEBUG] cheese - null
[2020-06-15T17:57:10.607] [DEBUG] cheese - null
[2020-06-15T17:57:10.865] [DEBUG] cheese - null
[2020-06-15T17:57:10.865] [DEBUG] cheese - null
[2020-06-15T17:57:34.886] [DEBUG] cheese - login => username:admin,password:123456
[2020-06-15T17:57:34.886] [DEBUG] cheese - admin
[2020-06-15T17:57:34.909] [DEBUG] cheese - null
[2020-06-15T17:57:34.910] [DEBUG] cheese - null
[2020-06-15T17:58:34.197] [DEBUG] cheese - login => username:admin,password:123456
[2020-06-15T17:58:34.197] [DEBUG] cheese - admin
[2020-06-15T17:58:34.221] [DEBUG] cheese - null
[2020-06-15T17:58:34.222] [DEBUG] cheese - null
[2020-06-15T18:01:10.002] [DEBUG] cheese - login => username:admin,password:123456
[2020-06-15T18:01:10.002] [DEBUG] cheese - admin
[2020-06-15T18:01:10.226] [DEBUG] cheese - null
[2020-06-15T18:01:10.226] [DEBUG] cheese - null
[2020-06-15T18:07:53.940] [DEBUG] cheese - login => username:admin,password:123456
[2020-06-15T18:07:53.958] [DEBUG] cheese - admin
[2020-06-15T18:07:54.023] [DEBUG] cheese - null
[2020-06-15T18:07:54.032] [DEBUG] cheese - null
[2020-06-15T18:08:40.798] [DEBUG] cheese - login => username:admin,password:123456
[2020-06-15T18:08:40.799] [DEBUG] cheese - admin
[2020-06-15T18:08:40.820] [DEBUG] cheese - null
[2020-06-15T18:08:40.820] [DEBUG] cheese - null
[2020-06-15T18:10:51.196] [DEBUG] cheese - login => username:admin,password:123456
[2020-06-15T18:10:51.196] [DEBUG] cheese - admin
[2020-06-15T18:10:51.229] [DEBUG] cheese - null
[2020-06-15T18:10:51.229] [DEBUG] cheese - null
[2020-06-15T19:27:59.832] [DEBUG] cheese - login => username:admin,password:123456
[2020-06-15T19:27:59.832] [DEBUG] cheese - admin
[2020-06-15T19:27:59.857] [DEBUG] cheese - null
[2020-06-15T19:27:59.857] [DEBUG] cheese - null
[2020-06-15T19:32:59.451] [DEBUG] cheese - login => username:admin,password:123456
[2020-06-15T19:32:59.452] [DEBUG] cheese - admin
[2020-06-15T19:32:59.500] [DEBUG] cheese - null
[2020-06-15T19:32:59.500] [DEBUG] cheese - null
[2020-06-15T19:34:39.984] [DEBUG] cheese - login => username:admin,password:123456
[2020-06-15T19:34:39.985] [DEBUG] cheese - admin
[2020-06-15T19:34:40.001] [DEBUG] cheese - null
[2020-06-15T19:34:40.002] [DEBUG] cheese - null
[2020-06-15T19:35:42.729] [DEBUG] cheese - login => username:admin,password:123456
[2020-06-15T19:35:42.747] [DEBUG] cheese - admin
[2020-06-15T19:35:42.768] [DEBUG] cheese - null
[2020-06-15T19:35:42.769] [DEBUG] cheese - null
[2020-06-15T19:36:42.948] [DEBUG] cheese - login => username:admin,password:123456
[2020-06-15T19:36:42.949] [DEBUG] cheese - admin
[2020-06-15T19:36:42.988] [DEBUG] cheese - null
[2020-06-15T19:36:42.989] [DEBUG] cheese - null
[2020-06-15T19:37:58.805] [DEBUG] cheese - login => username:admin,password:123456
[2020-06-15T19:37:58.806] [DEBUG] cheese - admin
[2020-06-15T19:37:58.868] [DEBUG] cheese - null
[2020-06-15T19:37:58.868] [DEBUG] cheese - null
[2020-06-16T08:59:21.297] [DEBUG] cheese - login => username:admin,password:123456
[2020-06-16T08:59:21.297] [DEBUG] cheese - admin
[2020-06-16T08:59:21.333] [DEBUG] cheese - null
[2020-06-16T08:59:21.334] [DEBUG] cheese - null
[2020-06-16T14:33:20.015] [DEBUG] cheese - login => username:admin,password:123456
[2020-06-16T14:33:22.066] [DEBUG] cheese - admin
[2020-06-16T14:33:22.999] [DEBUG] cheese - login => username:admin,password:123456
[2020-06-16T14:33:23.045] [DEBUG] cheese - admin
[2020-06-16T14:33:24.178] [DEBUG] cheese - null
[2020-06-16T14:33:24.375] [DEBUG] cheese - null
[2020-06-16T14:33:28.160] [DEBUG] cheese - null
[2020-06-16T14:33:28.160] [DEBUG] cheese - null
[2020-06-16T14:54:30.531] [DEBUG] cheese - login => username:admin,password:123456
[2020-06-16T14:54:30.531] [DEBUG] cheese - admin
[2020-06-16T14:54:30.537] [DEBUG] cheese - null
[2020-06-16T14:54:30.537] [DEBUG] cheese - null
[2020-06-16T15:07:37.067] [DEBUG] cheese - login => username:admin,password:123456
[2020-06-16T15:07:37.067] [DEBUG] cheese - admin
[2020-06-16T15:07:37.073] [DEBUG] cheese - null
[2020-06-16T15:07:37.073] [DEBUG] cheese - null
[2020-06-16T18:19:59.537] [DEBUG] cheese - null
[2020-06-16T18:22:48.106] [DEBUG] cheese - null
[2020-06-16T18:26:22.828] [DEBUG] cheese - null
[2020-06-16T18:28:47.198] [DEBUG] cheese - null
[2020-06-17T14:53:19.572] [DEBUG] cheese - null
[2020-06-17T15:09:44.010] [DEBUG] cheese - login => username:admin,password:123456
[2020-06-17T15:09:44.020] [DEBUG] cheese - admin
[2020-06-17T15:09:44.142] [DEBUG] cheese - null
[2020-06-17T15:09:44.142] [DEBUG] cheese - null
[2020-06-17T15:14:44.352] [DEBUG] cheese - login => username:admin,password:123456
[2020-06-17T15:14:44.352] [DEBUG] cheese - admin
[2020-06-17T15:14:44.364] [DEBUG] cheese - null
[2020-06-17T15:14:44.364] [DEBUG] cheese - null
[2020-06-17T17:56:50.522] [DEBUG] cheese - login => username:admin,password:123456
[2020-06-17T17:56:50.613] [DEBUG] cheese - admin
[2020-06-17T17:56:50.741] [DEBUG] cheese - null
[2020-06-17T17:56:50.765] [DEBUG] cheese - null
[2020-06-17T18:56:59.223] [DEBUG] cheese - login => username:admin,password:123456
[2020-06-17T18:56:59.227] [DEBUG] cheese - admin
[2020-06-17T18:56:59.241] [DEBUG] cheese - null
[2020-06-17T18:56:59.243] [DEBUG] cheese - null
[2020-06-18T13:35:04.843] [DEBUG] cheese - login => username:admin,password:123456
[2020-06-18T13:35:04.890] [DEBUG] cheese - admin
[2020-06-18T13:35:05.773] [DEBUG] cheese - null
[2020-06-18T13:35:05.792] [DEBUG] cheese - null
[2020-06-18T15:00:46.438] [DEBUG] cheese - null
[2020-06-18T15:00:48.344] [DEBUG] cheese - null
[2020-06-18T15:02:32.007] [DEBUG] cheese - null
[2020-06-18T18:42:05.129] [DEBUG] cheese - login => username:admin,password:123456
[2020-06-18T18:42:05.139] [DEBUG] cheese - admin
[2020-06-18T18:42:05.258] [DEBUG] cheese - null
[2020-06-18T18:42:05.260] [DEBUG] cheese - null
[2020-06-18T19:02:41.102] [DEBUG] cheese - login => username:admin,password:123456
[2020-06-18T19:02:41.106] [DEBUG] cheese - admin
[2020-06-18T19:02:41.132] [DEBUG] cheese - null
[2020-06-18T19:02:41.134] [DEBUG] cheese - null
[2020-06-18T19:42:30.996] [DEBUG] cheese - login => username:admin,password:123456
[2020-06-18T19:42:31.005] [DEBUG] cheese - admin
[2020-06-18T19:42:31.066] [DEBUG] cheese - null
[2020-06-18T19:42:31.067] [DEBUG] cheese - null
[2020-06-19T15:17:12.936] [DEBUG] cheese - login => username:admin,password:123456
[2020-06-19T15:17:12.971] [DEBUG] cheese - admin
[2020-06-19T15:17:13.036] [DEBUG] cheese - null
[2020-06-19T15:17:13.037] [DEBUG] cheese - null
